[0m
initializing physical memory manager.
RAM: 2096703 KiB.
enumerating DMA memory zone...
enumerating NORM memory zone...
initializing physical memory manager.
RAM: 2096703 KiB.
enumerating DMA memory zone...
enumerating NORM memory zone...
initaliazing devices...
initializing ramdisks...
'ramfs2' ramdisk installed
Initializing [025453;011mconsole[0m chardev...
console will use framebuffer
Initializing [025453;011mfb[0m chardev...
Initializing [025453;011mfull[0m chardev...
Initializing [025453;011mnull[0m chardev...
Initializing [025453;011mrandom[0m chardev...
Initializing [025453;011mzero[0m chardev...
Initializing Real Time Clock (RTC) timer...
Time: [025453;02m0:24:24[0m Date: [025453;03m14/8/2024[0m
Initializing timers...
Timers initalized successfully.

			Welcome to '[025453;011mGinger OS[0m'.

Parsing startup configuration file...
[exec] /ramfs/init...
[[025453;03mOK[0m] started "/ramfs/init", error: 0.
PF: 0000000004000010, cpu[0, ncli: 1] tid[1:2], rip: 0000000004000010
PF: 00000000040011F0, cpu[0, ncli: 1] tid[1:2], rip: 00000000040011F0
PF: 0000000104000000, cpu[0, ncli: 1] tid[1:269], rip: 0000000104000000

[025453;014mTRAP:14[0m MCTX: FFFFFF8101409240 CPU0 TID[1:269]
[025453;015merr[0m=[025453;012m0000000000000004[0m rfl=[025453;12m0000000000010002[0m cs =[025453;12m000000000000001B[0m
[025453;015mds[0m =0000000000000023 [025453;015mfs [0m=0000000000000023 [025453;015mss [0m=0000000000000023
[025453;015mrax[0m=[025453;012m0000000000000001[0m rbx=[025453;12m0000000000000000[0m rcx=[025453;12m0000000100000000[0m
[025453;015mrdx[0m=0000000000000000 [025453;015mrdi[0m=0000000000000000 [025453;015mrsi[0m=0000000000000001
[025453;015mrbp[0m=[025453;012m00007FFFFF69CFF8[0m rsp=[025453;12m00007FFFFF69CFF8[0m r8 =[025453;12m0000000100000000[0m
[025453;015mr9[0m =0000000000000000 [025453;015mr10[0m=0000000000000000 [025453;015mr11[0m=0000000000000001
[025453;015mr12[0m=[025453;012m0000000000000000[0m r13=[025453;12m0000000000000000[0m r14=[025453;12m0000000000000000[0m
[025453;015mr15[0m=0000000000000000 [025453;015mrip[0m=0000000104000000 [025453;015mcr0[0m=0000000080000013
[025453;015mcr2[0m=[025453;012m0000000104000000[0m cr3=[025453;12m0000000003AB9000[0m cr4=[025453;12m0000000000000630[0m
[025453;015mst[0m =FFFFFF8101402060 [025453;015msp[0m =FFFFFF810140A060 [025453;015mstz[0m=0000000000008000
page fault: kernel/arch/pagefault.c:273: send_sigsegv() @[[025453;04m0x0000000104000000[0m], err_code: 4 : SIGSEGV, from 'user' space
